Determining if the pthread_create exist failed with the following output:
Change Dir: /class/classes/jmari016/assignment-rshell/CMakeFiles/CMakeTmp

Run Build Command(s):/usr/bin/gmake cmTC_cad8c/fast 
/usr/bin/gmake -f CMakeFiles/cmTC_cad8c.dir/build.make CMakeFiles/cmTC_cad8c.dir/build
gmake[1]: Entering directory `/class/classes/jmari016/assignment-rshell/CMakeFiles/CMakeTmp'
Building C object CMakeFiles/cmTC_cad8c.dir/CheckSymbolExists.c.o
/usr/bin/cc    -o CMakeFiles/cmTC_cad8c.dir/CheckSymbolExists.c.o   -c /class/classes/jmari016/assignment-rshell/CMakeFiles/CMakeTmp/CheckSymbolExists.c
Linking C executable cmTC_cad8c
/usr/bin/cmake3 -E cmake_link_script CMakeFiles/cmTC_cad8c.dir/link.txt --verbose=1
/usr/bin/cc      -rdynamic CMakeFiles/cmTC_cad8c.dir/CheckSymbolExists.c.o  -o cmTC_cad8c 
CMakeFiles/cmTC_cad8c.dir/CheckSymbolExists.c.o: In function `main':
CheckSymbolExists.c:(.text+0x16): undefined reference to `pthread_create'
collect2: error: ld returned 1 exit status
gmake[1]: *** [cmTC_cad8c] Error 1
gmake[1]: Leaving directory `/class/classes/jmari016/assignment-rshell/CMakeFiles/CMakeTmp'
gmake: *** [cmTC_cad8c/fast] Error 2

File /class/classes/jmari016/assignment-rshell/CMakeFiles/CMakeTmp/CheckSymbolExists.c:
/* */
#include <pthread.h>

int main(int argc, char** argv)
{
  (void)argv;
#ifndef pthread_create
  return ((int*)(&pthread_create))[argc];
#else
  (void)argc;
  return 0;
#endif
}

Determining if the function pthread_create exists in the pthreads failed with the following output:
Change Dir: /class/classes/jmari016/assignment-rshell/CMakeFiles/CMakeTmp

Run Build Command(s):/usr/bin/gmake cmTC_c61fa/fast 
/usr/bin/gmake -f CMakeFiles/cmTC_c61fa.dir/build.make CMakeFiles/cmTC_c61fa.dir/build
gmake[1]: Entering directory `/class/classes/jmari016/assignment-rshell/CMakeFiles/CMakeTmp'
Building C object CMakeFiles/cmTC_c61fa.dir/CheckFunctionExists.c.o
/usr/bin/cc   -DCHECK_FUNCTION_EXISTS=pthread_create   -o CMakeFiles/cmTC_c61fa.dir/CheckFunctionExists.c.o   -c /usr/share/cmake3/Modules/CheckFunctionExists.c
Linking C executable cmTC_c61fa
/usr/bin/cmake3 -E cmake_link_script CMakeFiles/cmTC_c61fa.dir/link.txt --verbose=1
/usr/bin/cc  -DCHECK_FUNCTION_EXISTS=pthread_create    -rdynamic CMakeFiles/cmTC_c61fa.dir/CheckFunctionExists.c.o  -o cmTC_c61fa -lpthreads 
/usr/bin/ld: cannot find -lpthreads
collect2: error: ld returned 1 exit status
gmake[1]: *** [cmTC_c61fa] Error 1
gmake[1]: Leaving directory `/class/classes/jmari016/assignment-rshell/CMakeFiles/CMakeTmp'
gmake: *** [cmTC_c61fa/fast] Error 2


Determining if the pthread_create exist failed with the following output:
Change Dir: /class/classes/ewhit004/assignments/assignment-rshell/CMakeFiles/CMakeTmp

Run Build Command(s):/usr/bin/gmake cmTC_8674b/fast 
/usr/bin/gmake -f CMakeFiles/cmTC_8674b.dir/build.make CMakeFiles/cmTC_8674b.dir/build
gmake[1]: Entering directory `/class/classes/ewhit004/assignments/assignment-rshell/CMakeFiles/CMakeTmp'
Building C object CMakeFiles/cmTC_8674b.dir/CheckSymbolExists.c.o
/usr/bin/cc    -o CMakeFiles/cmTC_8674b.dir/CheckSymbolExists.c.o   -c /class/classes/ewhit004/assignments/assignment-rshell/CMakeFiles/CMakeTmp/CheckSymbolExists.c
Linking C executable cmTC_8674b
/usr/bin/cmake3 -E cmake_link_script CMakeFiles/cmTC_8674b.dir/link.txt --verbose=1
/usr/bin/cc      -rdynamic CMakeFiles/cmTC_8674b.dir/CheckSymbolExists.c.o  -o cmTC_8674b 
CMakeFiles/cmTC_8674b.dir/CheckSymbolExists.c.o: In function `main':
CheckSymbolExists.c:(.text+0x16): undefined reference to `pthread_create'
collect2: error: ld returned 1 exit status
gmake[1]: *** [cmTC_8674b] Error 1
gmake[1]: Leaving directory `/class/classes/ewhit004/assignments/assignment-rshell/CMakeFiles/CMakeTmp'
gmake: *** [cmTC_8674b/fast] Error 2

File /class/classes/ewhit004/assignments/assignment-rshell/CMakeFiles/CMakeTmp/CheckSymbolExists.c:
/* */
#include <pthread.h>

int main(int argc, char** argv)
{
  (void)argv;
#ifndef pthread_create
  return ((int*)(&pthread_create))[argc];
#else
  (void)argc;
  return 0;
#endif
}

Determining if the function pthread_create exists in the pthreads failed with the following output:
Change Dir: /class/classes/ewhit004/assignments/assignment-rshell/CMakeFiles/CMakeTmp

Run Build Command(s):/usr/bin/gmake cmTC_b079d/fast 
/usr/bin/gmake -f CMakeFiles/cmTC_b079d.dir/build.make CMakeFiles/cmTC_b079d.dir/build
gmake[1]: Entering directory `/class/classes/ewhit004/assignments/assignment-rshell/CMakeFiles/CMakeTmp'
Building C object CMakeFiles/cmTC_b079d.dir/CheckFunctionExists.c.o
/usr/bin/cc   -DCHECK_FUNCTION_EXISTS=pthread_create   -o CMakeFiles/cmTC_b079d.dir/CheckFunctionExists.c.o   -c /usr/share/cmake3/Modules/CheckFunctionExists.c
Linking C executable cmTC_b079d
/usr/bin/cmake3 -E cmake_link_script CMakeFiles/cmTC_b079d.dir/link.txt --verbose=1
/usr/bin/cc  -DCHECK_FUNCTION_EXISTS=pthread_create    -rdynamic CMakeFiles/cmTC_b079d.dir/CheckFunctionExists.c.o  -o cmTC_b079d -lpthreads 
/usr/bin/ld: cannot find -lpthreads
collect2: error: ld returned 1 exit status
gmake[1]: *** [cmTC_b079d] Error 1
gmake[1]: Leaving directory `/class/classes/ewhit004/assignments/assignment-rshell/CMakeFiles/CMakeTmp'
gmake: *** [cmTC_b079d/fast] Error 2


